  Graphic_lab3.cpp
e:\vsworkspace\graphic\graphic_lab3\graphic_lab3.cpp(106): warning C4305: “初始化”: 从“double”到“float”截断
e:\vsworkspace\graphic\graphic_lab3\graphic_lab3.cpp(201): warning C4244: “初始化”: 从“double”转换到“float”，可能丢失数据
e:\vsworkspace\graphic\graphic_lab3\graphic_lab3.cpp(339): warning C4018: “<”: 有符号/无符号不匹配
e:\vsworkspace\graphic\graphic_lab3\graphic_lab3.cpp(383): warning C4244: “参数”: 从“double”转换到“const float”，可能丢失数据
e:\vsworkspace\graphic\graphic_lab3\graphic_lab3.cpp(439): warning C4244: “参数”: 从“double”转换到“float”，可能丢失数据
e:\vsworkspace\graphic\graphic_lab3\graphic_lab3.cpp(450): warning C4018: “<”: 有符号/无符号不匹配
e:\vsworkspace\graphic\graphic_lab3\graphic_lab3.cpp(453): warning C4018: “<”: 有符号/无符号不匹配
e:\vsworkspace\graphic\graphic_lab3\graphic_lab3.cpp(458): warning C4018: “<”: 有符号/无符号不匹配
e:\vsworkspace\graphic\graphic_lab3\graphic_lab3.cpp(546): warning C4018: “<”: 有符号/无符号不匹配
e:\vsworkspace\graphic\graphic_lab3\graphic_lab3.cpp(558): warning C4018: “<”: 有符号/无符号不匹配
e:\vsworkspace\graphic\graphic_lab3\graphic_lab3.cpp(585): warning C4244: “+=”: 从“double”转换到“float”，可能丢失数据
e:\vsworkspace\graphic\graphic_lab3\graphic_lab3.cpp(586): warning C4244: “+=”: 从“double”转换到“float”，可能丢失数据
e:\vsworkspace\graphic\graphic_lab3\graphic_lab3.cpp(589): warning C4244: “+=”: 从“double”转换到“float”，可能丢失数据
e:\vsworkspace\graphic\graphic_lab3\graphic_lab3.cpp(590): warning C4244: “+=”: 从“double”转换到“float”，可能丢失数据
e:\vsworkspace\graphic\graphic_lab3\graphic_lab3.cpp(593): warning C4244: “*=”: 从“double”转换到“float”，可能丢失数据
e:\vsworkspace\graphic\graphic_lab3\graphic_lab3.cpp(636): warning C4838: 从“double”转换到“GLfloat”需要收缩转换
e:\vsworkspace\graphic\graphic_lab3\graphic_lab3.cpp(636): warning C4305: “初始化”: 从“double”到“GLfloat”截断
e:\vsworkspace\graphic\graphic_lab3\graphic_lab3.cpp(666): warning C4244: “=”: 从“double”转换到“float”，可能丢失数据
e:\vsworkspace\graphic\graphic_lab3\graphic_lab3.cpp(667): warning C4244: “=”: 从“double”转换到“float”，可能丢失数据
e:\vsworkspace\graphic\graphic_lab3\graphic_lab3.cpp(668): warning C4244: “=”: 从“double”转换到“float”，可能丢失数据
  Graphic_lab3.vcxproj -> E:\vsWorkSpace\Graphic\Debug\Graphic_lab3.exe
