e:\vsworkspace\graphic\graphic_lab3\debug\vc141.pdb
e:\vsworkspace\graphic\graphic_lab3\debug\vc141.idb
e:\vsworkspace\graphic\graphic_lab3\debug\graphic_lab3.obj
e:\vsworkspace\graphic\graphic_lab3\debug\graphic_lab3.pch
e:\vsworkspace\graphic\graphic_lab3\debug\stdafx.obj
e:\vsworkspace\graphic\debug\graphic_lab3.pdb
e:\vsworkspace\graphic\graphic_lab3\debug\graphic_lab3.tlog\cl.command.1.tlog
e:\vsworkspace\graphic\graphic_lab3\debug\graphic_lab3.tlog\cl.read.1.tlog
e:\vsworkspace\graphic\graphic_lab3\debug\graphic_lab3.tlog\cl.write.1.tlog
e:\vsworkspace\graphic\graphic_lab3\debug\graphic_lab3.tlog\link-cvtres.read.1.tlog
e:\vsworkspace\graphic\graphic_lab3\debug\graphic_lab3.tlog\link-cvtres.write.1.tlog
e:\vsworkspace\graphic\graphic_lab3\debug\graphic_lab3.tlog\link-rc.read.1.tlog
e:\vsworkspace\graphic\graphic_lab3\debug\graphic_lab3.tlog\link-rc.write.1.tlog
e:\vsworkspace\graphic\graphic_lab3\debug\graphic_lab3.tlog\link.12340-cvtres.read.1.tlog
e:\vsworkspace\graphic\graphic_lab3\debug\graphic_lab3.tlog\link.12340-cvtres.write.1.tlog
e:\vsworkspace\graphic\graphic_lab3\debug\graphic_lab3.tlog\link.12340-rc.read.1.tlog
e:\vsworkspace\graphic\graphic_lab3\debug\graphic_lab3.tlog\link.12340-rc.write.1.tlog
e:\vsworkspace\graphic\graphic_lab3\debug\graphic_lab3.tlog\link.12340.read.1.tlog
e:\vsworkspace\graphic\graphic_lab3\debug\graphic_lab3.tlog\link.12340.write.1.tlog
e:\vsworkspace\graphic\graphic_lab3\debug\graphic_lab3.tlog\link.command.1.tlog
e:\vsworkspace\graphic\graphic_lab3\debug\graphic_lab3.tlog\link.read.1.tlog
e:\vsworkspace\graphic\graphic_lab3\debug\graphic_lab3.tlog\link.write.1.tlog
